d:\visual studio\imgui node\examples\01-blueprints\01-blueprints.dir\debug\vc141.pdb
d:\visual studio\imgui node\examples\01-blueprints\01-blueprints.dir\debug\blueprints.obj
d:\visual studio\imgui node\examples\01-blueprints\01-blueprints.dir\debug\cfilereader.obj
d:\users\getrekttsm\documents\github\node edit\nodes\imgui node\examples\01-blueprints\01-blueprints.dir\debug\vc140.pdb
d:\users\getrekttsm\documents\github\node edit\nodes\imgui node\examples\01-blueprints\01-blueprints.dir\debug\blueprints.obj
d:\users\getrekttsm\documents\github\node edit\nodes\imgui node\examples\01-blueprints\01-blueprints.dir\debug\cfilereader.obj
d:\visual studio\imgui node\examples\01-blueprints\cmakefiles\generate.stamp
d:\visual studio\imgui node\bin\01-blueprints_d.exe
d:\visual studio\imgui node\bin\01-blueprints_d.ilk
d:\visual studio\imgui node\bin\01-blueprints_d.pdb
d:\users\getrekttsm\documents\github\node edit\nodes\imgui node\examples\01-blueprints\01-blueprints.dir\debug\01-blueprints.vcxprojresolveassemblyreference.cache
d:\users\getrekttsm\documents\github\node edit\nodes\imgui node\examples\01-blueprints\01-blueprints.dir\debug\vc141.pdb
d:\users\getrekttsm\documents\github\node edit\nodes\imgui node\examples\01-blueprints\01-blueprints.dir\debug\01-blueprints.tlog\cl.command.1.tlog
d:\users\getrekttsm\documents\github\node edit\nodes\imgui node\examples\01-blueprints\01-blueprints.dir\debug\01-blueprints.tlog\cl.read.1.tlog
d:\users\getrekttsm\documents\github\node edit\nodes\imgui node\examples\01-blueprints\01-blueprints.dir\debug\01-blueprints.tlog\cl.write.1.tlog
d:\users\getrekttsm\documents\github\node edit\nodes\imgui node\examples\01-blueprints\01-blueprints.dir\debug\01-blueprints.tlog\custombuild.command.1.tlog
d:\users\getrekttsm\documents\github\node edit\nodes\imgui node\examples\01-blueprints\01-blueprints.dir\debug\01-blueprints.tlog\custombuild.read.1.tlog
d:\users\getrekttsm\documents\github\node edit\nodes\imgui node\examples\01-blueprints\01-blueprints.dir\debug\01-blueprints.tlog\custombuild.write.1.tlog
d:\users\getrekttsm\documents\github\node edit\nodes\imgui node\examples\01-blueprints\01-blueprints.dir\debug\01-blueprints.tlog\link.command.1.tlog
d:\users\getrekttsm\documents\github\node edit\nodes\imgui node\examples\01-blueprints\01-blueprints.dir\debug\01-blueprints.tlog\link.read.1.tlog
d:\users\getrekttsm\documents\github\node edit\nodes\imgui node\examples\01-blueprints\01-blueprints.dir\debug\01-blueprints.tlog\link.write.1.tlog
