d:\visual studio\imgui node\examples\common\shared\shared.dir\debug\shared.pdb
d:\visual studio\imgui node\examples\common\shared\shared.dir\debug\widgets.obj
d:\visual studio\imgui node\examples\common\shared\shared.dir\debug\drawing.obj
d:\visual studio\imgui node\examples\common\shared\shared.dir\debug\builders.obj
d:\users\getrekttsm\documents\github\node edit\nodes\imgui node\examples\common\shared\shared.dir\debug\shared.pdb
d:\users\getrekttsm\documents\github\node edit\nodes\imgui node\examples\common\shared\shared.dir\debug\widgets.obj
d:\users\getrekttsm\documents\github\node edit\nodes\imgui node\examples\common\shared\shared.dir\debug\drawing.obj
d:\users\getrekttsm\documents\github\node edit\nodes\imgui node\examples\common\shared\shared.dir\debug\builders.obj
d:\visual studio\imgui node\examples\common\shared\cmakefiles\generate.stamp
d:\visual studio\imgui node\examples\common\shared\debug\shared.lib
d:\users\getrekttsm\documents\github\node edit\nodes\imgui node\examples\common\shared\shared.dir\debug\shared.vcxprojresolveassemblyreference.cache
d:\visual studio\imgui node\examples\common\shared\debug\shared.pdb
d:\users\getrekttsm\documents\github\node edit\nodes\imgui node\examples\common\shared\shared.dir\debug\shared.tlog\cl.command.1.tlog
d:\users\getrekttsm\documents\github\node edit\nodes\imgui node\examples\common\shared\shared.dir\debug\shared.tlog\cl.read.1.tlog
d:\users\getrekttsm\documents\github\node edit\nodes\imgui node\examples\common\shared\shared.dir\debug\shared.tlog\cl.write.1.tlog
d:\users\getrekttsm\documents\github\node edit\nodes\imgui node\examples\common\shared\shared.dir\debug\shared.tlog\custombuild.command.1.tlog
d:\users\getrekttsm\documents\github\node edit\nodes\imgui node\examples\common\shared\shared.dir\debug\shared.tlog\custombuild.read.1.tlog
d:\users\getrekttsm\documents\github\node edit\nodes\imgui node\examples\common\shared\shared.dir\debug\shared.tlog\custombuild.write.1.tlog
d:\users\getrekttsm\documents\github\node edit\nodes\imgui node\examples\common\shared\shared.dir\debug\shared.tlog\lib-link.read.1.tlog
d:\users\getrekttsm\documents\github\node edit\nodes\imgui node\examples\common\shared\shared.dir\debug\shared.tlog\lib-link.write.1.tlog
d:\users\getrekttsm\documents\github\node edit\nodes\imgui node\examples\common\shared\shared.dir\debug\shared.tlog\lib.command.1.tlog
